<?xml version="1.0" encoding="UTF-8"?>
<!-- Generated by org.testng.reporters.JUnitReportReporter -->
<testsuite hostname="LAPTOP-C6K58DNJ" name="githubTest.GitHubTest" tests="1" failures="0" timestamp="21 May 2017 07:48:28 GMT" time="12.159" errors="0">
  <testcase name="googleTest" time="12.159" classname="githubTest.GitHubTest"/>
</testsuite> <!-- githubTest.GitHubTest -->
